TN:
SF:src/App.vue
FN:1,(empty-report)
FNF:1
FNH:0
FNDA:0,(empty-report)
DA:1,0
DA:3,0
DA:4,0
DA:5,0
LF:4
LH:0
BRDA:1,0,0,0
BRF:1
BRH:0
end_of_record
TN:
SF:src/main.ts
FN:1,(empty-report)
FNF:1
FNH:0
FNDA:0,(empty-report)
DA:1,0
DA:8,0
DA:11,0
DA:14,0
DA:16,0
DA:18,0
DA:20,0
LF:7
LH:0
BRDA:1,0,0,0
BRF:1
BRH:0
end_of_record
TN:
SF:src/setupTests.ts
FN:1,(empty-report)
FNF:1
FNH:0
FNDA:0,(empty-report)
DA:1,0
DA:3,0
DA:6,0
LF:3
LH:0
BRDA:1,0,0,0
BRF:1
BRH:0
end_of_record
TN:
SF:src/types.ts
FN:1,(empty-report)
FNF:1
FNH:1
FNDA:1,(empty-report)
LF:0
LH:0
BRDA:1,0,0,1
BRF:1
BRH:1
end_of_record
TN:
SF:src/api/WeatherService.ts
FN:8,getCoordinates
FN:31,get3HourlyForecast
FNF:2
FNH:0
FNDA:0,getCoordinates
FNDA:0,get3HourlyForecast
DA:1,1
DA:3,1
DA:4,1
DA:5,1
DA:8,1
DA:9,0
DA:10,0
DA:11,0
DA:12,0
DA:13,0
DA:14,0
DA:15,0
DA:16,0
DA:18,0
DA:19,0
DA:20,0
DA:21,0
DA:23,0
DA:24,0
DA:25,0
DA:26,0
DA:27,0
DA:28,0
DA:31,1
DA:32,0
DA:33,0
DA:34,0
DA:35,0
DA:36,0
DA:37,0
DA:38,0
DA:39,0
DA:40,0
DA:42,0
DA:43,0
DA:44,0
DA:45,0
DA:46,0
DA:47,0
DA:48,0
DA:49,0
DA:50,0
DA:51,0
DA:52,0
DA:53,0
LF:45
LH:6
BRF:0
BRH:0
end_of_record
TN:
SF:src/components/AppBar.vue
FN:19,toggleDrawer
FNF:1
FNH:1
FNDA:1,toggleDrawer
DA:1,1
DA:2,1
DA:3,1
DA:5,1
DA:6,1
DA:9,1
DA:11,12
DA:12,1
DA:16,1
DA:17,1
DA:19,1
DA:20,1
DA:21,1
LF:13
LH:13
BRDA:19,0,0,1
BRDA:6,1,0,6
BRDA:9,2,0,12
BRDA:9,3,0,12
BRDA:9,4,0,8
BRF:5
BRH:5
end_of_record
TN:
SF:src/components/NavigationDrawer.vue
FN:31,get
FN:32,set
FN:3,__vite_ssr_import_2__.createBlock.onUpdate:modelValue._cache.<computed>._cache.<computed>
FNF:3
FNH:2
FNDA:8,get
FNDA:1,set
FNDA:0,__vite_ssr_import_2__.createBlock.onUpdate:modelValue._cache.<computed>._cache.<computed>
DA:1,1
DA:2,1
DA:3,1
DA:5,1
DA:6,1
DA:7,1
DA:8,1
DA:9,1
DA:10,1
DA:12,1
DA:14,1
DA:15,1
DA:16,1
DA:17,1
DA:18,1
DA:22,1
DA:24,1
DA:28,1
DA:30,1
DA:31,1
DA:32,1
DA:33,1
LF:22
LH:22
BRDA:31,0,0,8
BRDA:32,1,0,1
BRF:2
BRH:2
end_of_record
TN:
SF:src/layouts/default.vue
FN:1,(empty-report)
FNF:1
FNH:0
FNDA:0,(empty-report)
DA:1,0
DA:2,0
DA:3,0
DA:4,0
DA:5,0
DA:6,0
LF:6
LH:0
BRDA:1,0,0,0
BRF:1
BRH:0
end_of_record
TN:
SF:src/plugins/index.ts
FN:1,(empty-report)
FNF:1
FNH:0
FNDA:0,(empty-report)
DA:1,0
DA:15,0
DA:16,0
DA:17,0
DA:18,0
DA:19,0
DA:20,0
LF:7
LH:0
BRDA:1,0,0,0
BRF:1
BRH:0
end_of_record
TN:
SF:src/plugins/vuetify.ts
FN:1,(empty-report)
FNF:1
FNH:0
FNDA:0,(empty-report)
DA:1,0
DA:8,0
DA:9,0
DA:12,0
DA:15,0
DA:16,0
DA:17,0
DA:18,0
DA:19,0
LF:9
LH:0
BRDA:1,0,0,0
BRF:1
BRH:0
end_of_record
TN:
SF:src/router/index.ts
FN:1,(empty-report)
FNF:1
FNH:0
FNDA:0,(empty-report)
DA:1,0
DA:2,0
DA:4,0
DA:5,0
DA:6,0
DA:7,0
DA:8,0
DA:9,0
DA:10,0
DA:11,0
DA:12,0
DA:14,0
DA:15,0
DA:16,0
DA:18,0
DA:19,0
DA:20,0
DA:21,0
DA:23,0
LF:19
LH:0
BRDA:1,0,0,0
BRF:1
BRH:0
end_of_record
TN:
SF:src/stores/app.ts
FN:1,(empty-report)
FNF:1
FNH:0
FNDA:0,(empty-report)
DA:1,0
DA:4,0
DA:5,0
DA:7,0
DA:8,0
LF:5
LH:0
BRDA:1,0,0,0
BRF:1
BRH:0
end_of_record
TN:
SF:src/stores/index.ts
FN:1,(empty-report)
FNF:1
FNH:0
FNDA:0,(empty-report)
DA:1,0
DA:2,0
DA:4,0
LF:3
LH:0
BRDA:1,0,0,0
BRF:1
BRH:0
end_of_record
TN:
SF:src/tests/utils/AppWrapper.ts
FN:13,setup
FN:16,default
FNF:2
FNH:2
FNDA:2,setup
FNDA:2,default
DA:1,1
DA:2,1
DA:3,1
DA:5,1
DA:6,1
DA:7,1
DA:8,1
DA:9,1
DA:10,1
DA:11,1
DA:12,1
DA:13,1
DA:14,2
DA:15,2
DA:16,2
DA:17,2
DA:18,2
DA:19,1
DA:21,1
LF:19
LH:19
BRDA:13,0,0,2
BRDA:14,1,0,2
BRDA:16,2,0,2
BRF:3
BRH:3
end_of_record
TN:
SF:src/tests/utils/NavigationWrapper.ts
FN:13,setup
FN:16,default
FNF:2
FNH:2
FNDA:2,setup
FNDA:2,default
DA:1,1
DA:2,1
DA:3,1
DA:5,1
DA:6,1
DA:7,1
DA:8,1
DA:9,1
DA:10,1
DA:11,1
DA:12,1
DA:13,1
DA:14,2
DA:15,2
DA:16,2
DA:17,2
DA:18,2
DA:19,1
DA:21,1
LF:19
LH:19
BRDA:13,0,0,2
BRDA:14,1,0,2
BRDA:16,2,0,2
BRF:3
BRH:3
end_of_record
TN:
SF:src/views/about/About.vue
FN:2,__vite_ssr_import_4__.createElementBlock.__vite_ssr_import_4__.createVNode.onUpdate:drawer._cache.<computed>._cache.<computed>
FN:3,__vite_ssr_import_4__.createElementBlock.__vite_ssr_import_4__.createVNode.onUpdate:drawer._cache.<computed>._cache.<computed>
FNF:2
FNH:0
FNDA:0,__vite_ssr_import_4__.createElementBlock.__vite_ssr_import_4__.createVNode.onUpdate:drawer._cache.<computed>._cache.<computed>
FNDA:0,__vite_ssr_import_4__.createElementBlock.__vite_ssr_import_4__.createVNode.onUpdate:drawer._cache.<computed>._cache.<computed>
DA:1,1
DA:2,1
DA:3,1
DA:5,1
DA:6,1
DA:7,1
DA:8,1
DA:10,1
DA:11,1
DA:12,1
DA:13,1
DA:14,1
DA:15,1
DA:19,1
DA:20,1
DA:21,1
DA:23,1
LF:17
LH:17
BRF:0
BRH:0
end_of_record
TN:
SF:src/views/home/Home.vue
FN:79,capitalize
FN:87,getForecastForCity
FN:104,handleCityChange
FN:132,updateCity
FN:142,determineSurfAdvice
FN:2,__vite_ssr_import_7__.createElementBlock.__vite_ssr_import_7__.createVNode.onUpdate:drawer._cache.<computed>._cache.<computed>
FN:3,__vite_ssr_import_7__.createElementBlock.__vite_ssr_import_7__.createVNode.onUpdate:drawer._cache.<computed>._cache.<computed>
FN:1,__vite_ssr_import_7__.createElementVNode.__vite_ssr_import_7__.createVNode.onUpdate:modelValue._cache.<computed>._cache.<computed>
FNF:8
FNH:1
FNDA:3,capitalize
FNDA:0,getForecastForCity
FNDA:0,handleCityChange
FNDA:0,updateCity
FNDA:0,determineSurfAdvice
FNDA:0,__vite_ssr_import_7__.createElementBlock.__vite_ssr_import_7__.createVNode.onUpdate:drawer._cache.<computed>._cache.<computed>
FNDA:0,__vite_ssr_import_7__.createElementBlock.__vite_ssr_import_7__.createVNode.onUpdate:drawer._cache.<computed>._cache.<computed>
FNDA:0,__vite_ssr_import_7__.createElementVNode.__vite_ssr_import_7__.createVNode.onUpdate:modelValue._cache.<computed>._cache.<computed>
DA:1,0
DA:2,0
DA:3,0
DA:5,0
DA:6,0
DA:7,0
DA:8,0
DA:10,0
DA:11,0
DA:12,0
DA:13,0
DA:14,1
DA:15,1
DA:16,1
DA:17,1
DA:18,1
DA:19,1
DA:20,1
DA:21,1
DA:22,1
DA:23,1
DA:24,1
DA:25,1
DA:29,1
DA:30,1
DA:31,1
DA:32,1
DA:33,1
DA:34,1
DA:39,1
DA:40,3
DA:41,3
DA:43,3
DA:44,0
DA:45,0
DA:46,0
DA:47,0
DA:48,0
DA:49,0
DA:50,3
DA:51,0
DA:52,0
DA:53,0
DA:54,0
DA:55,1
DA:58,1
DA:59,1
DA:60,1
DA:61,1
DA:62,1
DA:65,1
DA:66,1
DA:67,1
DA:68,1
DA:69,1
DA:70,1
DA:71,1
DA:72,1
DA:73,1
DA:77,1
DA:78,3
DA:79,3
DA:80,3
DA:81,1
DA:87,1
DA:88,0
DA:90,0
DA:91,0
DA:92,0
DA:93,0
DA:95,0
DA:96,0
DA:97,0
DA:98,0
DA:99,0
DA:100,0
DA:104,1
DA:105,0
DA:107,0
DA:108,0
DA:109,0
DA:110,0
DA:112,0
DA:114,0
DA:115,0
DA:116,0
DA:118,0
DA:120,0
DA:121,0
DA:122,0
DA:123,0
DA:125,0
DA:126,0
DA:127,0
DA:128,0
DA:129,0
DA:132,1
DA:133,0
DA:134,0
DA:135,0
DA:136,0
DA:137,0
DA:138,0
DA:139,0
DA:142,1
DA:143,0
DA:144,0
DA:145,0
DA:146,0
DA:147,0
DA:148,0
DA:149,0
DA:150,0
DA:151,0
DA:152,0
DA:153,0
DA:154,0
DA:157,1
DA:158,0
DA:159,0
DA:160,0
DA:161,0
DA:162,0
DA:163,1
LF:124
LH:49
BRDA:39,0,0,3
BRDA:43,1,0,0
BRDA:50,2,0,0
BRDA:77,3,0,3
BRDA:80,4,0,0
BRDA:80,5,0,0
BRDA:78,6,0,21
BRDA:79,7,0,3
BRF:8
BRH:4
end_of_record
TN:
SF:src/views/home/components/CityDropdown.vue
FN:1,__vite_ssr_import_2__.createBlock.onUpdate:modelValue._cache.<computed>._cache.<computed>
FN:3,__vite_ssr_import_2__.createBlock.onUpdate:modelValue._cache.<computed>._cache.<computed>
FNF:2
FNH:2
FNDA:1,__vite_ssr_import_2__.createBlock.onUpdate:modelValue._cache.<computed>._cache.<computed>
FNDA:1,__vite_ssr_import_2__.createBlock.onUpdate:modelValue._cache.<computed>._cache.<computed>
DA:1,1
DA:2,1
DA:3,1
DA:4,1
DA:5,1
DA:6,1
DA:7,1
DA:8,1
DA:9,1
DA:14,1
DA:16,1
DA:21,1
DA:23,1
DA:25,1
DA:26,1
DA:27,1
LF:16
LH:16
BRDA:25,0,0,1
BRDA:1,1,0,13
BRDA:3,2,0,13
BRDA:1,3,0,1
BRDA:3,4,0,1
BRF:5
BRH:5
end_of_record
TN:
SF:src/views/home/components/CityInput.vue
FN:20,__vite_ssr_import_1__.watch.cityName.value
FN:24,updateCityName
FNF:2
FNH:2
FNDA:16,__vite_ssr_import_1__.watch.cityName.value
FNDA:1,updateCityName
DA:1,1
DA:2,1
DA:3,1
DA:4,1
DA:5,1
DA:6,1
DA:7,1
DA:8,1
DA:12,1
DA:14,1
DA:15,1
DA:17,1
DA:20,1
DA:21,3
DA:22,1
DA:24,1
DA:25,1
DA:26,1
DA:27,1
DA:28,1
LF:20
LH:20
BRDA:20,0,0,16
BRDA:20,1,0,3
BRDA:24,2,0,1
BRDA:7,3,0,13
BRDA:6,4,0,1
BRF:5
BRH:5
end_of_record
TN:
SF:src/views/home/components/CitySelector.vue
FN:39,onEnter
FN:4,__vite_ssr_import_4__.createVNode.onUpdate:modelValue._cache.<computed>._cache.<computed>
FN:10,__vite_ssr_import_4__.createVNode.onUpdate:modelValue._cache.<computed>._cache.<computed>
FNF:3
FNH:2
FNDA:2,onEnter
FNDA:1,__vite_ssr_import_4__.createVNode.onUpdate:modelValue._cache.<computed>._cache.<computed>
FNDA:0,__vite_ssr_import_4__.createVNode.onUpdate:modelValue._cache.<computed>._cache.<computed>
DA:1,1
DA:2,1
DA:3,1
DA:4,1
DA:5,1
DA:6,1
DA:7,1
DA:8,1
DA:9,1
DA:10,1
DA:11,1
DA:12,1
DA:16,1
DA:17,1
DA:18,1
DA:21,1
DA:22,1
DA:24,1
DA:25,1
DA:27,1
DA:28,3
DA:29,1
DA:30,3
DA:31,2
DA:32,2
DA:33,2
DA:34,2
DA:35,2
DA:36,3
DA:37,1
DA:39,1
DA:40,2
DA:41,2
LF:33
LH:33
BRDA:27,0,0,3
BRDA:28,1,0,1
BRDA:30,2,0,2
BRDA:31,3,0,2
BRDA:39,4,0,2
BRDA:4,5,0,10
BRDA:4,6,0,1
BRDA:7,7,0,15
BRDA:10,8,0,10
BRF:9
BRH:9
end_of_record
TN:
SF:src/views/home/components/ForecastTable.vue
FNF:0
FNH:0
DA:1,4
DA:2,1
DA:3,1
DA:4,1
DA:6,1
DA:7,1
DA:8,1
DA:9,1
DA:10,1
DA:11,1
DA:12,1
DA:13,1
DA:14,1
DA:15,1
DA:16,1
DA:17,1
DA:18,1
DA:19,1
DA:20,1
DA:21,1
DA:22,1
DA:23,1
DA:24,1
DA:25,1
DA:26,1
DA:27,1
DA:28,1
DA:29,1
DA:30,1
DA:31,1
DA:32,1
DA:37,1
LF:32
LH:32
BRDA:1,0,0,4
BRF:1
BRH:1
end_of_record
TN:
SF:src/views/home/components/SurfAdviceTooltip.vue
FNF:0
FNH:0
DA:1,1
DA:2,1
DA:3,1
DA:4,1
DA:5,1
DA:6,1
DA:7,1
DA:8,1
DA:9,1
DA:11,1
DA:14,1
DA:15,1
DA:16,1
DA:17,1
DA:18,1
DA:19,1
DA:20,1
DA:21,1
DA:22,1
LF:19
LH:19
BRF:0
BRH:0
end_of_record
